<?xml version="1.0" encoding="UTF-8"?>
<testng-results ignored="0" total="1" passed="1" failed="0" skipped="0">
  <reporter-output>
  </reporter-output>
  <suite started-at="2024-04-04T23:46:31 SGT" name="Default suite" finished-at="2024-04-04T23:46:57 SGT" duration-ms="25861">
    <groups>
    </groups>
    <test started-at="2024-04-04T23:46:31 SGT" name="Default test" finished-at="2024-04-04T23:46:57 SGT" duration-ms="25861">
      <class name="app1.NewTest">
        <test-method is-config="true" signature="setup()[pri:0, instance:app1.NewTest@3fc2959f]" started-at="2024-04-04T23:46:31 SGT" name="setup" finished-at="2024-04-04T23:46:31 SGT" duration-ms="25" status="PASS">
          <reporter-output>
          </reporter-output>
        </test-method> <!-- setup -->
        <test-method signature="test1()[pri:0, instance:app1.NewTest@3fc2959f]" started-at="2024-04-04T23:46:31 SGT" name="test1" finished-at="2024-04-04T23:46:56 SGT" duration-ms="25704" status="PASS">
          <reporter-output>
          </reporter-output>
        </test-method> <!-- test1 -->
      </class> <!-- app1.NewTest -->
    </test> <!-- Default test -->
  </suite> <!-- Default suite -->
</testng-results>
